This is pdfTeX, Version 3.141592653-2.6-1.40.22 (TeX Live 2021) (preloaded format=pdflatex 2022.2.4)  29 NOV 2022 16:46
entering extended mode
 restricted \write18 enabled.
 %&-line parsing enabled.
**cheatsheet
(./cheatsheet.tex
LaTeX2e <2020-10-01> patch level 4
L3 programming layer <2021-05-07>
(/usr/share/texlive/texmf-dist/tex/latex/base/article.cls
Document Class: article 2020/04/10 v1.4m Standard LaTeX document class
(/usr/share/texlive/texmf-dist/tex/latex/base/size10.clo
File: size10.clo 2020/04/10 v1.4m Standard LaTeX file (size option)
)
\c@part=\count179
\c@section=\count180
\c@subsection=\count181
\c@subsubsection=\count182
\c@paragraph=\count183
\c@subparagraph=\count184
\c@figure=\count185
\c@table=\count186
\abovecaptionskip=\skip47
\belowcaptionskip=\skip48
\bibindent=\dimen138
)
(/usr/share/texlive/texmf-dist/tex/latex/tools/multicol.sty
Package: multicol 2019/12/09 v1.8y multicolumn formatting (FMi)
\c@tracingmulticols=\count187
\mult@box=\box47
\multicol@leftmargin=\dimen139
\c@unbalance=\count188
\c@collectmore=\count189
\doublecol@number=\count190
\multicoltolerance=\count191
\multicolpretolerance=\count192
\full@width=\dimen140
\page@free=\dimen141
\premulticols=\dimen142
\postmulticols=\dimen143
\multicolsep=\skip49
\multicolbaselineskip=\skip50
\partial@page=\box48
\last@line=\box49
\maxbalancingoverflow=\dimen144
\mult@rightbox=\box50
\mult@grightbox=\box51
\mult@gfirstbox=\box52
\mult@firstbox=\box53
\@tempa=\box54
\@tempa=\box55
\@tempa=\box56
\@tempa=\box57
\@tempa=\box58
\@tempa=\box59
\@tempa=\box60
\@tempa=\box61
\@tempa=\box62
\@tempa=\box63
\@tempa=\box64
\@tempa=\box65
\@tempa=\box66
\@tempa=\box67
\@tempa=\box68
\@tempa=\box69
\@tempa=\box70
\@tempa=\box71
\@tempa=\box72
\@tempa=\box73
\@tempa=\box74
\@tempa=\box75
\@tempa=\box76
\@tempa=\box77
\@tempa=\box78
\@tempa=\box79
\@tempa=\box80
\@tempa=\box81
\@tempa=\box82
\@tempa=\box83
\@tempa=\box84
\@tempa=\box85
\@tempa=\box86
\@tempa=\box87
\@tempa=\box88
\@tempa=\box89
\@tempa=\box90
\c@minrows=\count193
\c@columnbadness=\count194
\c@finalcolumnbadness=\count195
\last@try=\dimen145
\multicolovershoot=\dimen146
\multicolundershoot=\dimen147
\mult@nat@firstbox=\box91
\colbreak@box=\box92
\mc@col@check@num=\count196
)
(/usr/share/texlive/texmf-dist/tex/latex/multirow/multirow.sty
Package: multirow 2021/03/15 v2.8 Span multiple rows of a table
\multirow@colwidth=\skip51
\multirow@cntb=\count197
\multirow@dima=\skip52
\bigstrutjot=\dimen148
)
(/usr/share/texlive/texmf-dist/tex/latex/geometry/geometry.sty
Package: geometry 2020/01/02 v5.9 Page Geometry

(/usr/share/texlive/texmf-dist/tex/latex/graphics/keyval.sty
Package: keyval 2014/10/28 v1.15 key=value parser (DPC)
\KV@toks@=\toks15
)
(/usr/share/texlive/texmf-dist/tex/generic/iftex/ifvtex.sty
Package: ifvtex 2019/10/25 v1.7 ifvtex legacy package. Use iftex instead.

(/usr/share/texlive/texmf-dist/tex/generic/iftex/iftex.sty
Package: iftex 2020/03/06 v1.0d TeX engine tests
))
\Gm@cnth=\count198
\Gm@cntv=\count199
\c@Gm@tempcnt=\count266
\Gm@bindingoffset=\dimen149
\Gm@wd@mp=\dimen150
\Gm@odd@mp=\dimen151
\Gm@even@mp=\dimen152
\Gm@layoutwidth=\dimen153
\Gm@layoutheight=\dimen154
\Gm@layouthoffset=\dimen155
\Gm@layoutvoffset=\dimen156
\Gm@dimlist=\toks16
)
(/usr/share/texlive/texmf-dist/tex/latex/graphics/color.sty
Package: color 2020/02/24 v1.2b Standard LaTeX Color (DPC)

(/usr/share/texlive/texmf-dist/tex/latex/graphics-cfg/color.cfg
File: color.cfg 2016/01/02 v1.6 sample color configuration
)
Package color Info: Driver file: pdftex.def on input line 147.

(/usr/share/texlive/texmf-dist/tex/latex/graphics-def/pdftex.def
File: pdftex.def 2020/10/05 v1.2a Graphics/color driver for pdftex
))
(/usr/share/texlive/texmf-dist/tex/latex/listings/listings.sty
\lst@mode=\count267
\lst@gtempboxa=\box93
\lst@token=\toks17
\lst@length=\count268
\lst@currlwidth=\dimen157
\lst@column=\count269
\lst@pos=\count270
\lst@lostspace=\dimen158
\lst@width=\dimen159
\lst@newlines=\count271
\lst@lineno=\count272
\lst@maxwidth=\dimen160

(/usr/share/texlive/texmf-dist/tex/latex/listings/lstmisc.sty
File: lstmisc.sty 2020/03/24 1.8d (Carsten Heinz)
\c@lstnumber=\count273
\lst@skipnumbers=\count274
\lst@framebox=\box94
)
(/usr/share/texlive/texmf-dist/tex/latex/listings/listings.cfg
File: listings.cfg 2020/03/24 1.8d listings configuration
))
Package: listings 2020/03/24 1.8d (Carsten Heinz)

(/usr/share/texlive/texmf-dist/tex/latex/hyperref/hyperref.sty
Package: hyperref 2021-02-27 v7.00k Hypertext links for LaTeX

(/usr/share/texlive/texmf-dist/tex/generic/ltxcmds/ltxcmds.sty
Package: ltxcmds 2020-05-10 v1.25 LaTeX kernel commands for general use (HO)
)
(/usr/share/texlive/texmf-dist/tex/generic/pdftexcmds/pdftexcmds.sty
Package: pdftexcmds 2020-06-27 v0.33 Utility functions of pdfTeX for LuaTeX (HO
)

(/usr/share/texlive/texmf-dist/tex/generic/infwarerr/infwarerr.sty
Package: infwarerr 2019/12/03 v1.5 Providing info/warning/error messages (HO)
)
Package pdftexcmds Info: \pdf@primitive is available.
Package pdftexcmds Info: \pdf@ifprimitive is available.
Package pdftexcmds Info: \pdfdraftmode found.
)
(/usr/share/texlive/texmf-dist/tex/generic/kvsetkeys/kvsetkeys.sty
Package: kvsetkeys 2019/12/15 v1.18 Key value parser (HO)
)
(/usr/share/texlive/texmf-dist/tex/generic/kvdefinekeys/kvdefinekeys.sty
Package: kvdefinekeys 2019-12-19 v1.6 Define keys (HO)
)
(/usr/share/texlive/texmf-dist/tex/generic/pdfescape/pdfescape.sty
Package: pdfescape 2019/12/09 v1.15 Implements pdfTeX's escape features (HO)
)
(/usr/share/texlive/texmf-dist/tex/latex/hycolor/hycolor.sty
Package: hycolor 2020-01-27 v1.10 Color options for hyperref/bookmark (HO)
)
(/usr/share/texlive/texmf-dist/tex/latex/letltxmacro/letltxmacro.sty
Package: letltxmacro 2019/12/03 v1.6 Let assignment for LaTeX macros (HO)
)
(/usr/share/texlive/texmf-dist/tex/latex/auxhook/auxhook.sty
Package: auxhook 2019-12-17 v1.6 Hooks for auxiliary files (HO)
)
(/usr/share/texlive/texmf-dist/tex/latex/kvoptions/kvoptions.sty
Package: kvoptions 2020-10-07 v3.14 Key value format for package options (HO)
)
\@linkdim=\dimen161
\Hy@linkcounter=\count275
\Hy@pagecounter=\count276

(/usr/share/texlive/texmf-dist/tex/latex/hyperref/pd1enc.def
File: pd1enc.def 2021-02-27 v7.00k Hyperref: PDFDocEncoding definition (HO)
Now handling font encoding PD1 ...
... no UTF-8 mapping file for font encoding PD1
)
(/usr/share/texlive/texmf-dist/tex/latex/hyperref/hyperref-langpatches.def
File: hyperref-langpatches.def 2021-02-27 v7.00k Hyperref: patches for babel la
nguages
)
(/usr/share/texlive/texmf-dist/tex/generic/intcalc/intcalc.sty
Package: intcalc 2019/12/15 v1.3 Expandable calculations with integers (HO)
)
(/usr/share/texlive/texmf-dist/tex/generic/etexcmds/etexcmds.sty
Package: etexcmds 2019/12/15 v1.7 Avoid name clashes with e-TeX commands (HO)
)
\Hy@SavedSpaceFactor=\count277

(/usr/share/texlive/texmf-dist/tex/latex/hyperref/puenc.def
File: puenc.def 2021-02-27 v7.00k Hyperref: PDF Unicode definition (HO)
Now handling font encoding PU ...
... no UTF-8 mapping file for font encoding PU
)
Package hyperref Info: Hyper figures OFF on input line 4192.
Package hyperref Info: Link nesting OFF on input line 4197.
Package hyperref Info: Hyper index ON on input line 4200.
Package hyperref Info: Plain pages OFF on input line 4207.
Package hyperref Info: Backreferencing OFF on input line 4212.
Package hyperref Info: Implicit mode ON; LaTeX internals redefined.
Package hyperref Info: Bookmarks ON on input line 4445.
\c@Hy@tempcnt=\count278

(/usr/share/texlive/texmf-dist/tex/latex/url/url.sty
\Urlmuskip=\muskip16
Package: url 2013/09/16  ver 3.4  Verb mode for urls, etc.
)
LaTeX Info: Redefining \url on input line 4804.
\XeTeXLinkMargin=\dimen162

(/usr/share/texlive/texmf-dist/tex/generic/bitset/bitset.sty
Package: bitset 2019/12/09 v1.3 Handle bit-vector datatype (HO)

(/usr/share/texlive/texmf-dist/tex/generic/bigintcalc/bigintcalc.sty
Package: bigintcalc 2019/12/15 v1.5 Expandable calculations on big integers (HO
)
))
\Fld@menulength=\count279
\Field@Width=\dimen163
\Fld@charsize=\dimen164
Package hyperref Info: Hyper figures OFF on input line 6075.
Package hyperref Info: Link nesting OFF on input line 6080.
Package hyperref Info: Hyper index ON on input line 6083.
Package hyperref Info: backreferencing OFF on input line 6090.
Package hyperref Info: Link coloring OFF on input line 6095.
Package hyperref Info: Link coloring with OCG OFF on input line 6100.
Package hyperref Info: PDF/A mode OFF on input line 6105.
LaTeX Info: Redefining \ref on input line 6145.
LaTeX Info: Redefining \pageref on input line 6149.

(/usr/share/texlive/texmf-dist/tex/latex/base/atbegshi-ltx.sty
Package: atbegshi-ltx 2020/08/17 v1.0a Emulation of the original atbegshi packa
ge
with kernel methods
)
\Hy@abspage=\count280
\c@Item=\count281
\c@Hfootnote=\count282
)
Package hyperref Info: Driver (autodetected): hpdftex.

(/usr/share/texlive/texmf-dist/tex/latex/hyperref/hpdftex.def
File: hpdftex.def 2021-02-27 v7.00k Hyperref driver for pdfTeX

(/usr/share/texlive/texmf-dist/tex/latex/base/atveryend-ltx.sty
Package: atveryend-ltx 2020/08/19 v1.0a Emulation of the original atvery packag
e
with kernel methods
)
\Fld@listcount=\count283
\c@bookmark@seq@number=\count284

(/usr/share/texlive/texmf-dist/tex/latex/rerunfilecheck/rerunfilecheck.sty
Package: rerunfilecheck 2019/12/05 v1.9 Rerun checks for auxiliary files (HO)

(/usr/share/texlive/texmf-dist/tex/generic/uniquecounter/uniquecounter.sty
Package: uniquecounter 2019/12/15 v1.4 Provide unlimited unique counter (HO)
)
Package uniquecounter Info: New unique counter `rerunfilecheck' on input line 2
86.
)
\Hy@SectionHShift=\skip53
)
(/usr/share/texlive/texmf-dist/tex/latex/amscls/amsthm.sty
Package: amsthm 2020/05/29 v2.20.6
\thm@style=\toks18
\thm@bodyfont=\toks19
\thm@headfont=\toks20
\thm@notefont=\toks21
\thm@headpunct=\toks22
\thm@preskip=\skip54
\thm@postskip=\skip55
\thm@headsep=\skip56
\dth@everypar=\toks23
)
(/usr/share/texlive/texmf-dist/tex/latex/needspace/needspace.sty
Package: needspace 2010/09/12 v1.3d reserve vertical space
)
\c@lem=\count285

(./listing.tex (./defManSSR.tex))
(/usr/share/texlive/texmf-dist/tex/latex/l3backend/l3backend-pdftex.def
File: l3backend-pdftex.def 2021-05-07 L3 backend support: PDF output (pdfTeX)
\l__color_backend_stack_int=\count286
\l__pdf_internal_box=\box95
)

LaTeX Warning: Unused global option(s):
    [a3paper].

(./cheatsheet.aux)
\openout1 = `cheatsheet.aux'.

LaTeX Font Info:    Checking defaults for OML/cmm/m/it on input line 27.
LaTeX Font Info:    ... okay on input line 27.
LaTeX Font Info:    Checking defaults for OMS/cmsy/m/n on input line 27.
LaTeX Font Info:    ... okay on input line 27.
LaTeX Font Info:    Checking defaults for OT1/cmr/m/n on input line 27.
LaTeX Font Info:    ... okay on input line 27.
LaTeX Font Info:    Checking defaults for T1/cmr/m/n on input line 27.
LaTeX Font Info:    ... okay on input line 27.
LaTeX Font Info:    Checking defaults for TS1/cmr/m/n on input line 27.
LaTeX Font Info:    ... okay on input line 27.
LaTeX Font Info:    Checking defaults for OMX/cmex/m/n on input line 27.
LaTeX Font Info:    ... okay on input line 27.
LaTeX Font Info:    Checking defaults for U/cmr/m/n on input line 27.
LaTeX Font Info:    ... okay on input line 27.
LaTeX Font Info:    Checking defaults for PD1/pdf/m/n on input line 27.
LaTeX Font Info:    ... okay on input line 27.
LaTeX Font Info:    Checking defaults for PU/pdf/m/n on input line 27.
LaTeX Font Info:    ... okay on input line 27.

*geometry* driver: auto-detecting
*geometry* detected driver: pdftex
*geometry* verbose mode - [ preamble ] result:
* driver: pdftex
* paper: a3paper
* layout: <same size as paper>
* layoutoffset:(h,v)=(0.0pt,0.0pt)
* modes: landscape 
* h-part:(L,W,R)=(28.45274pt, 1138.11026pt, 28.45274pt)
* v-part:(T,H,B)=(28.45274pt, 773.91498pt, 42.67912pt)
* \paperwidth=1195.01575pt
* \paperheight=845.04684pt
* \textwidth=1138.11026pt
* \textheight=773.91498pt
* \oddsidemargin=-43.81725pt
* \evensidemargin=-43.81725pt
* \topmargin=-80.81725pt
* \headheight=12.0pt
* \headsep=25.0pt
* \topskip=10.0pt
* \footskip=30.0pt
* \marginparwidth=65.0pt
* \marginparsep=11.0pt
* \columnsep=10.0pt
* \skip\footins=9.0pt plus 4.0pt minus 2.0pt
* \hoffset=0.0pt
* \voffset=0.0pt
* \mag=1000
* \@twocolumnfalse
* \@twosidefalse
* \@mparswitchfalse
* \@reversemarginfalse
* (1in=72.27pt=25.4mm, 1cm=28.453pt)

(/usr/share/texlive/texmf-dist/tex/context/base/mkii/supp-pdf.mkii
[Loading MPS to PDF converter (version 2006.09.02).]
\scratchcounter=\count287
\scratchdimen=\dimen165
\scratchbox=\box96
\nofMPsegments=\count288
\nofMParguments=\count289
\everyMPshowfont=\toks24
\MPscratchCnt=\count290
\MPscratchDim=\dimen166
\MPnumerator=\count291
\makeMPintoPDFobject=\count292
\everyMPtoPDFconversion=\toks25
)
\c@lstlisting=\count293
Package hyperref Info: Link coloring OFF on input line 27.
 (/usr/share/texlive/texmf-dist/tex/latex/hyperref/nameref.sty
Package: nameref 2021-04-02 v2.47 Cross-referencing by name of section

(/usr/share/texlive/texmf-dist/tex/latex/refcount/refcount.sty
Package: refcount 2019/12/15 v3.6 Data extraction from label references (HO)
)
(/usr/share/texlive/texmf-dist/tex/generic/gettitlestring/gettitlestring.sty
Package: gettitlestring 2019/12/15 v1.6 Cleanup title references (HO)
)
\c@section@level=\count294
)
LaTeX Info: Redefining \ref on input line 27.
LaTeX Info: Redefining \pageref on input line 27.
LaTeX Info: Redefining \nameref on input line 27.

(./cheatsheet.out) (./cheatsheet.out)
\@outlinefile=\write3
\openout3 = `cheatsheet.out'.

LaTeX Font Info:    External font `cmex10' loaded for size
(Font)              <14.4> on input line 31.
LaTeX Font Info:    External font `cmex10' loaded for size
(Font)              <7> on input line 31.
LaTeX Font Info:    External font `cmex10' loaded for size
(Font)              <5> on input line 34.

Overfull \hbox (70.39186pt too wide) in paragraph at lines 166--182
[][] 
 []


Overfull \hbox (2.75053pt too wide) in paragraph at lines 341--360
[][] 
 []


Overfull \hbox (36.87509pt too wide) in paragraph at lines 362--382
[][] 
 []


Overfull \hbox (2.73318pt too wide) in paragraph at lines 383--404
[][] 
 []


Overfull \hbox (2.75053pt too wide) in paragraph at lines 405--426
[][] 
 []


Overfull \hbox (25.50024pt too wide) in paragraph at lines 460--482
[][] 
 []

[1

{/usr/share/texlive/texmf-var/fonts/map/pdftex/updmap/pdftex.map

pdfTeX warning: pdflatex (file /usr/share/texlive/texmf-var/fonts/map/pdftex/up
dmap/pdftex.map): fontmap entry for `cob' already exists, duplicates ignored


pdfTeX warning: pdflatex (file /usr/share/texlive/texmf-var/fonts/map/pdftex/up
dmap/pdftex.map): fontmap entry for `cobo' already exists, duplicates ignored


pdfTeX warning: pdflatex (file /usr/share/texlive/texmf-var/fonts/map/pdftex/up
dmap/pdftex.map): fontmap entry for `com' already exists, duplicates ignored


pdfTeX warning: pdflatex (file /usr/share/texlive/texmf-var/fonts/map/pdftex/up
dmap/pdftex.map): fontmap entry for `coo' already exists, duplicates ignored


pdfTeX warning: pdflatex (file /usr/share/texlive/texmf-var/fonts/map/pdftex/up
dmap/pdftex.map): fontmap entry for `hv' already exists, duplicates ignored


pdfTeX warning: pdflatex (file /usr/share/texlive/texmf-var/fonts/map/pdftex/up
dmap/pdftex.map): fontmap entry for `hvb' already exists, duplicates ignored


pdfTeX warning: pdflatex (file /usr/share/texlive/texmf-var/fonts/map/pdftex/up
dmap/pdftex.map): fontmap entry for `hvbo' already exists, duplicates ignored


pdfTeX warning: pdflatex (file /usr/share/texlive/texmf-var/fonts/map/pdftex/up
dmap/pdftex.map): fontmap entry for `hvo' already exists, duplicates ignored


pdfTeX warning: pdflatex (file /usr/share/texlive/texmf-var/fonts/map/pdftex/up
dmap/pdftex.map): fontmap entry for `pagd8g' already exists, duplicates ignored



pdfTeX warning: pdflatex (file /usr/share/texlive/texmf-var/fonts/map/pdftex/up
dmap/pdftex.map): fontmap entry for `pagd8r' already exists, duplicates ignored



pdfTeX warning: pdflatex (file /usr/share/texlive/texmf-var/fonts/map/pdftex/up
dmap/pdftex.map): fontmap entry for `pagd8y' already exists, duplicates ignored



pdfTeX warning: pdflatex (file /usr/share/texlive/texmf-var/fonts/map/pdftex/up
dmap/pdftex.map): fontmap entry for `pagd8z' already exists, duplicates ignored



pdfTeX warning: pdflatex (file /usr/share/texlive/texmf-var/fonts/map/pdftex/up
dmap/pdftex.map): fontmap entry for `pagdo8g' already exists, duplicates ignore
d


pdfTeX warning: pdflatex (file /usr/share/texlive/texmf-var/fonts/map/pdftex/up
dmap/pdftex.map): fontmap entry for `pagdo8r' already exists, duplicates ignore
d


pdfTeX warning: pdflatex (file /usr/share/texlive/texmf-var/fonts/map/pdftex/up
dmap/pdftex.map): fontmap entry for `pagdo8y' already exists, duplicates ignore
d


pdfTeX warning: pdflatex (file /usr/share/texlive/texmf-var/fonts/map/pdftex/up
dmap/pdftex.map): fontmap entry for `pagdo8z' already exists, duplicates ignore
d


pdfTeX warning: pdflatex (file /usr/share/texlive/texmf-var/fonts/map/pdftex/up
dmap/pdftex.map): fontmap entry for `pagk8g' already exists, duplicates ignored



pdfTeX warning: pdflatex (file /usr/share/texlive/texmf-var/fonts/map/pdftex/up
dmap/pdftex.map): fontmap entry for `pagk8r' already exists, duplicates ignored



pdfTeX warning: pdflatex (file /usr/share/texlive/texmf-var/fonts/map/pdftex/up
dmap/pdftex.map): fontmap entry for `pagk8y' already exists, duplicates ignored



pdfTeX warning: pdflatex (file /usr/share/texlive/texmf-var/fonts/map/pdftex/up
dmap/pdftex.map): fontmap entry for `pagk8z' already exists, duplicates ignored



pdfTeX warning: pdflatex (file /usr/share/texlive/texmf-var/fonts/map/pdftex/up
dmap/pdftex.map): fontmap entry for `pagko8g' already exists, duplicates ignore
d


pdfTeX warning: pdflatex (file /usr/share/texlive/texmf-var/fonts/map/pdftex/up
dmap/pdftex.map): fontmap entry for `pagko8r' already exists, duplicates ignore
d


pdfTeX warning: pdflatex (file /usr/share/texlive/texmf-var/fonts/map/pdftex/up
dmap/pdftex.map): fontmap entry for `pagko8y' already exists, duplicates ignore
d


pdfTeX warning: pdflatex (file /usr/share/texlive/texmf-var/fonts/map/pdftex/up
dmap/pdftex.map): fontmap entry for `pagko8z' already exists, duplicates ignore
d


pdfTeX warning: pdflatex (file /usr/share/texlive/texmf-var/fonts/map/pdftex/up
dmap/pdftex.map): fontmap entry for `pbkd8g' already exists, duplicates ignored



pdfTeX warning: pdflatex (file /usr/share/texlive/texmf-var/fonts/map/pdftex/up
dmap/pdftex.map): fontmap entry for `pbkd8r' already exists, duplicates ignored



pdfTeX warning: pdflatex (file /usr/share/texlive/texmf-var/fonts/map/pdftex/up
dmap/pdftex.map): fontmap entry for `pbkd8y' already exists, duplicates ignored



pdfTeX warning: pdflatex (file /usr/share/texlive/texmf-var/fonts/map/pdftex/up
dmap/pdftex.map): fontmap entry for `pbkd8z' already exists, duplicates ignored



pdfTeX warning: pdflatex (file /usr/share/texlive/texmf-var/fonts/map/pdftex/up
dmap/pdftex.map): fontmap entry for `pbkdi8g' already exists, duplicates ignore
d


pdfTeX warning: pdflatex (file /usr/share/texlive/texmf-var/fonts/map/pdftex/up
dmap/pdftex.map): fontmap entry for `pbkdi8r' already exists, duplicates ignore
d


pdfTeX warning: pdflatex (file /usr/share/texlive/texmf-var/fonts/map/pdftex/up
dmap/pdftex.map): fontmap entry for `pbkdi8y' already exists, duplicates ignore
d


pdfTeX warning: pdflatex (file /usr/share/texlive/texmf-var/fonts/map/pdftex/up
dmap/pdftex.map): fontmap entry for `pbkdi8z' already exists, duplicates ignore
d


pdfTeX warning: pdflatex (file /usr/share/texlive/texmf-var/fonts/map/pdftex/up
dmap/pdftex.map): invalid entry for `pbkdo8r': SlantFont/ExtendFont can be used
 only with embedded Type1 fonts


pdfTeX warning: pdflatex (file /usr/share/texlive/texmf-var/fonts/map/pdftex/up
dmap/pdftex.map): invalid entry for `pbkdo8y': SlantFont/ExtendFont can be used
 only with embedded Type1 fonts


pdfTeX warning: pdflatex (file /usr/share/texlive/texmf-var/fonts/map/pdftex/up
dmap/pdftex.map): fontmap entry for `pbkl8g' already exists, duplicates ignored



pdfTeX warning: pdflatex (file /usr/share/texlive/texmf-var/fonts/map/pdftex/up
dmap/pdftex.map): fontmap entry for `pbkl8r' already exists, duplicates ignored



pdfTeX warning: pdflatex (file /usr/share/texlive/texmf-var/fonts/map/pdftex/up
dmap/pdftex.map): fontmap entry for `pbkl8y' already exists, duplicates ignored



pdfTeX warning: pdflatex (file /usr/share/texlive/texmf-var/fonts/map/pdftex/up
dmap/pdftex.map): fontmap entry for `pbkl8z' already exists, duplicates ignored



pdfTeX warning: pdflatex (file /usr/share/texlive/texmf-var/fonts/map/pdftex/up
dmap/pdftex.map): fontmap entry for `pbkli8g' already exists, duplicates ignore
d


pdfTeX warning: pdflatex (file /usr/share/texlive/texmf-var/fonts/map/pdftex/up
dmap/pdftex.map): fontmap entry for `pbkli8r' already exists, duplicates ignore
d


pdfTeX warning: pdflatex (file /usr/share/texlive/texmf-var/fonts/map/pdftex/up
dmap/pdftex.map): fontmap entry for `pbkli8y' already exists, duplicates ignore
d


pdfTeX warning: pdflatex (file /usr/share/texlive/texmf-var/fonts/map/pdftex/up
dmap/pdftex.map): fontmap entry for `pbkli8z' already exists, duplicates ignore
d


pdfTeX warning: pdflatex (file /usr/share/texlive/texmf-var/fonts/map/pdftex/up
dmap/pdftex.map): invalid entry for `pbklo8r': SlantFont/ExtendFont can be used
 only with embedded Type1 fonts


pdfTeX warning: pdflatex (file /usr/share/texlive/texmf-var/fonts/map/pdftex/up
dmap/pdftex.map): invalid entry for `pbklo8y': SlantFont/ExtendFont can be used
 only with embedded Type1 fonts


pdfTeX warning: pdflatex (file /usr/share/texlive/texmf-var/fonts/map/pdftex/up
dmap/pdftex.map): fontmap entry for `pcrb8g' already exists, duplicates ignored



pdfTeX warning: pdflatex (file /usr/share/texlive/texmf-var/fonts/map/pdftex/up
dmap/pdftex.map): fontmap entry for `pcrb8r' already exists, duplicates ignored



pdfTeX warning: pdflatex (file /usr/share/texlive/texmf-var/fonts/map/pdftex/up
dmap/pdftex.map): fontmap entry for `pcrb8u' already exists, duplicates ignored



pdfTeX warning: pdflatex (file /usr/share/texlive/texmf-var/fonts/map/pdftex/up
dmap/pdftex.map): fontmap entry for `pcrb8y' already exists, duplicates ignored



pdfTeX warning: pdflatex (file /usr/share/texlive/texmf-var/fonts/map/pdftex/up
dmap/pdftex.map): fontmap entry for `pcrbo8g' already exists, duplicates ignore
d


pdfTeX warning: pdflatex (file /usr/share/texlive/texmf-var/fonts/map/pdftex/up
dmap/pdftex.map): fontmap entry for `pcrbo8r' already exists, duplicates ignore
d


pdfTeX warning: pdflatex (file /usr/share/texlive/texmf-var/fonts/map/pdftex/up
dmap/pdftex.map): fontmap entry for `pcrbo8u' already exists, duplicates ignore
d


pdfTeX warning: pdflatex (file /usr/share/texlive/texmf-var/fonts/map/pdftex/up
dmap/pdftex.map): fontmap entry for `pcrbo8y' already exists, duplicates ignore
d


pdfTeX warning: pdflatex (file /usr/share/texlive/texmf-var/fonts/map/pdftex/up
dmap/pdftex.map): fontmap entry for `pcrr8g' already exists, duplicates ignored



pdfTeX warning: pdflatex (file /usr/share/texlive/texmf-var/fonts/map/pdftex/up
dmap/pdftex.map): fontmap entry for `pcrr8r' already exists, duplicates ignored



pdfTeX warning: pdflatex (file /usr/share/texlive/texmf-var/fonts/map/pdftex/up
dmap/pdftex.map): invalid entry for `pcrr8rn': SlantFont/ExtendFont can be used
 only with embedded Type1 fonts


pdfTeX warning: pdflatex (file /usr/share/texlive/texmf-var/fonts/map/pdftex/up
dmap/pdftex.map): fontmap entry for `pcrr8u' already exists, duplicates ignored



pdfTeX warning: pdflatex (file /usr/share/texlive/texmf-var/fonts/map/pdftex/up
dmap/pdftex.map): fontmap entry for `pcrr8y' already exists, duplicates ignored



pdfTeX warning: pdflatex (file /usr/share/texlive/texmf-var/fonts/map/pdftex/up
dmap/pdftex.map): fontmap entry for `pcrro8g' already exists, duplicates ignore
d


pdfTeX warning: pdflatex (file /usr/share/texlive/texmf-var/fonts/map/pdftex/up
dmap/pdftex.map): fontmap entry for `pcrro8r' already exists, duplicates ignore
d


pdfTeX warning: pdflatex (file /usr/share/texlive/texmf-var/fonts/map/pdftex/up
dmap/pdftex.map): fontmap entry for `pcrro8u' already exists, duplicates ignore
d


pdfTeX warning: pdflatex (file /usr/share/texlive/texmf-var/fonts/map/pdftex/up
dmap/pdftex.map): fontmap entry for `pcrro8y' already exists, duplicates ignore
d


pdfTeX warning: pdflatex (file /usr/share/texlive/texmf-var/fonts/map/pdftex/up
dmap/pdftex.map): fontmap entry for `phvb8g' already exists, duplicates ignored



pdfTeX warning: pdflatex (file /usr/share/texlive/texmf-var/fonts/map/pdftex/up
dmap/pdftex.map): fontmap entry for `phvb8r' already exists, duplicates ignored



pdfTeX warning: pdflatex (file /usr/share/texlive/texmf-var/fonts/map/pdftex/up
dmap/pdftex.map): fontmap entry for `phvb8rn' already exists, duplicates ignore
d


pdfTeX warning: pdflatex (file /usr/share/texlive/texmf-var/fonts/map/pdftex/up
dmap/pdftex.map): fontmap entry for `phvb8y' already exists, duplicates ignored



pdfTeX warning: pdflatex (file /usr/share/texlive/texmf-var/fonts/map/pdftex/up
dmap/pdftex.map): fontmap entry for `phvb8yn' already exists, duplicates ignore
d


pdfTeX warning: pdflatex (file /usr/share/texlive/texmf-var/fonts/map/pdftex/up
dmap/pdftex.map): fontmap entry for `phvb8z' already exists, duplicates ignored



pdfTeX warning: pdflatex (file /usr/share/texlive/texmf-var/fonts/map/pdftex/up
dmap/pdftex.map): fontmap entry for `phvbn8g' already exists, duplicates ignore
d


pdfTeX warning: pdflatex (file /usr/share/texlive/texmf-var/fonts/map/pdftex/up
dmap/pdftex.map): fontmap entry for `phvbn8z' already exists, duplicates ignore
d


pdfTeX warning: pdflatex (file /usr/share/texlive/texmf-var/fonts/map/pdftex/up
dmap/pdftex.map): fontmap entry for `phvbo8g' already exists, duplicates ignore
d


pdfTeX warning: pdflatex (file /usr/share/texlive/texmf-var/fonts/map/pdftex/up
dmap/pdftex.map): fontmap entry for `phvbo8r' already exists, duplicates ignore
d


pdfTeX warning: pdflatex (file /usr/share/texlive/texmf-var/fonts/map/pdftex/up
dmap/pdftex.map): fontmap entry for `phvbo8rn' already exists, duplicates ignor
ed


pdfTeX warning: pdflatex (file /usr/share/texlive/texmf-var/fonts/map/pdftex/up
dmap/pdftex.map): fontmap entry for `phvbo8y' already exists, duplicates ignore
d


pdfTeX warning: pdflatex (file /usr/share/texlive/texmf-var/fonts/map/pdftex/up
dmap/pdftex.map): fontmap entry for `phvbo8yn' already exists, duplicates ignor
ed


pdfTeX warning: pdflatex (file /usr/share/texlive/texmf-var/fonts/map/pdftex/up
dmap/pdftex.map): fontmap entry for `phvbo8z' already exists, duplicates ignore
d


pdfTeX warning: pdflatex (file /usr/share/texlive/texmf-var/fonts/map/pdftex/up
dmap/pdftex.map): fontmap entry for `phvbon8g' already exists, duplicates ignor
ed


pdfTeX warning: pdflatex (file /usr/share/texlive/texmf-var/fonts/map/pdftex/up
dmap/pdftex.map): fontmap entry for `phvbon8z' already exists, duplicates ignor
ed


pdfTeX warning: pdflatex (file /usr/share/texlive/texmf-var/fonts/map/pdftex/up
dmap/pdftex.map): fontmap entry for `phvr8g' already exists, duplicates ignored



pdfTeX warning: pdflatex (file /usr/share/texlive/texmf-var/fonts/map/pdftex/up
dmap/pdftex.map): fontmap entry for `phvr8r' already exists, duplicates ignored



pdfTeX warning: pdflatex (file /usr/share/texlive/texmf-var/fonts/map/pdftex/up
dmap/pdftex.map): fontmap entry for `phvr8rn' already exists, duplicates ignore
d


pdfTeX warning: pdflatex (file /usr/share/texlive/texmf-var/fonts/map/pdftex/up
dmap/pdftex.map): fontmap entry for `phvr8y' already exists, duplicates ignored



pdfTeX warning: pdflatex (file /usr/share/texlive/texmf-var/fonts/map/pdftex/up
dmap/pdftex.map): fontmap entry for `phvr8yn' already exists, duplicates ignore
d


pdfTeX warning: pdflatex (file /usr/share/texlive/texmf-var/fonts/map/pdftex/up
dmap/pdftex.map): fontmap entry for `phvr8z' already exists, duplicates ignored



pdfTeX warning: pdflatex (file /usr/share/texlive/texmf-var/fonts/map/pdftex/up
dmap/pdftex.map): fontmap entry for `phvrn8g' already exists, duplicates ignore
d


pdfTeX warning: pdflatex (file /usr/share/texlive/texmf-var/fonts/map/pdftex/up
dmap/pdftex.map): fontmap entry for `phvrn8z' already exists, duplicates ignore
d


pdfTeX warning: pdflatex (file /usr/share/texlive/texmf-var/fonts/map/pdftex/up
dmap/pdftex.map): fontmap entry for `phvro8g' already exists, duplicates ignore
d


pdfTeX warning: pdflatex (file /usr/share/texlive/texmf-var/fonts/map/pdftex/up
dmap/pdftex.map): fontmap entry for `phvro8r' already exists, duplicates ignore
d


pdfTeX warning: pdflatex (file /usr/share/texlive/texmf-var/fonts/map/pdftex/up
dmap/pdftex.map): fontmap entry for `phvro8rn' already exists, duplicates ignor
ed


pdfTeX warning: pdflatex (file /usr/share/texlive/texmf-var/fonts/map/pdftex/up
dmap/pdftex.map): fontmap entry for `phvro8y' already exists, duplicates ignore
d


pdfTeX warning: pdflatex (file /usr/share/texlive/texmf-var/fonts/map/pdftex/up
dmap/pdftex.map): fontmap entry for `phvro8yn' already exists, duplicates ignor
ed


pdfTeX warning: pdflatex (file /usr/share/texlive/texmf-var/fonts/map/pdftex/up
dmap/pdftex.map): fontmap entry for `phvro8z' already exists, duplicates ignore
d


pdfTeX warning: pdflatex (file /usr/share/texlive/texmf-var/fonts/map/pdftex/up
dmap/pdftex.map): fontmap entry for `phvron8g' already exists, duplicates ignor
ed


pdfTeX warning: pdflatex (file /usr/share/texlive/texmf-var/fonts/map/pdftex/up
dmap/pdftex.map): fontmap entry for `phvron8z' already exists, duplicates ignor
ed


pdfTeX warning: pdflatex (file /usr/share/texlive/texmf-var/fonts/map/pdftex/up
dmap/pdftex.map): fontmap entry for `pncb8g' already exists, duplicates ignored



pdfTeX warning: pdflatex (file /usr/share/texlive/texmf-var/fonts/map/pdftex/up
dmap/pdftex.map): fontmap entry for `pncb8r' already exists, duplicates ignored



pdfTeX warning: pdflatex (file /usr/share/texlive/texmf-var/fonts/map/pdftex/up
dmap/pdftex.map): fontmap entry for `pncb8y' already exists, duplicates ignored



pdfTeX warning: pdflatex (file /usr/share/texlive/texmf-var/fonts/map/pdftex/up
dmap/pdftex.map): fontmap entry for `pncb8z' already exists, duplicates ignored



pdfTeX warning: pdflatex (file /usr/share/texlive/texmf-var/fonts/map/pdftex/up
dmap/pdftex.map): fontmap entry for `pncbi8g' already exists, duplicates ignore
d


pdfTeX warning: pdflatex (file /usr/share/texlive/texmf-var/fonts/map/pdftex/up
dmap/pdftex.map): fontmap entry for `pncbi8r' already exists, duplicates ignore
d


pdfTeX warning: pdflatex (file /usr/share/texlive/texmf-var/fonts/map/pdftex/up
dmap/pdftex.map): fontmap entry for `pncbi8y' already exists, duplicates ignore
d


pdfTeX warning: pdflatex (file /usr/share/texlive/texmf-var/fonts/map/pdftex/up
dmap/pdftex.map): fontmap entry for `pncbi8z' already exists, duplicates ignore
d


pdfTeX warning: pdflatex (file /usr/share/texlive/texmf-var/fonts/map/pdftex/up
dmap/pdftex.map): invalid entry for `pncbo8r': SlantFont/ExtendFont can be used
 only with embedded Type1 fonts


pdfTeX warning: pdflatex (file /usr/share/texlive/texmf-var/fonts/map/pdftex/up
dmap/pdftex.map): invalid entry for `pncbo8y': SlantFont/ExtendFont can be used
 only with embedded Type1 fonts


pdfTeX warning: pdflatex (file /usr/share/texlive/texmf-var/fonts/map/pdftex/up
dmap/pdftex.map): fontmap entry for `pncr8g' already exists, duplicates ignored



pdfTeX warning: pdflatex (file /usr/share/texlive/texmf-var/fonts/map/pdftex/up
dmap/pdftex.map): fontmap entry for `pncr8r' already exists, duplicates ignored



pdfTeX warning: pdflatex (file /usr/share/texlive/texmf-var/fonts/map/pdftex/up
dmap/pdftex.map): fontmap entry for `pncr8y' already exists, duplicates ignored



pdfTeX warning: pdflatex (file /usr/share/texlive/texmf-var/fonts/map/pdftex/up
dmap/pdftex.map): fontmap entry for `pncr8z' already exists, duplicates ignored



pdfTeX warning: pdflatex (file /usr/share/texlive/texmf-var/fonts/map/pdftex/up
dmap/pdftex.map): fontmap entry for `pncri8g' already exists, duplicates ignore
d


pdfTeX warning: pdflatex (file /usr/share/texlive/texmf-var/fonts/map/pdftex/up
dmap/pdftex.map): fontmap entry for `pncri8r' already exists, duplicates ignore
d


pdfTeX warning: pdflatex (file /usr/share/texlive/texmf-var/fonts/map/pdftex/up
dmap/pdftex.map): fontmap entry for `pncri8y' already exists, duplicates ignore
d


pdfTeX warning: pdflatex (file /usr/share/texlive/texmf-var/fonts/map/pdftex/up
dmap/pdftex.map): fontmap entry for `pncri8z' already exists, duplicates ignore
d


pdfTeX warning: pdflatex (file /usr/share/texlive/texmf-var/fonts/map/pdftex/up
dmap/pdftex.map): invalid entry for `pncro8r': SlantFont/ExtendFont can be used
 only with embedded Type1 fonts


pdfTeX warning: pdflatex (file /usr/share/texlive/texmf-var/fonts/map/pdftex/up
dmap/pdftex.map): invalid entry for `pncro8y': SlantFont/ExtendFont can be used
 only with embedded Type1 fonts


pdfTeX warning: pdflatex (file /usr/share/texlive/texmf-var/fonts/map/pdftex/up
dmap/pdftex.map): fontmap entry for `pplb8g' already exists, duplicates ignored



pdfTeX warning: pdflatex (file /usr/share/texlive/texmf-var/fonts/map/pdftex/up
dmap/pdftex.map): fontmap entry for `pplb8r' already exists, duplicates ignored



pdfTeX warning: pdflatex (file /usr/share/texlive/texmf-var/fonts/map/pdftex/up
dmap/pdftex.map): fontmap entry for `pplb8y' already exists, duplicates ignored



pdfTeX warning: pdflatex (file /usr/share/texlive/texmf-var/fonts/map/pdftex/up
dmap/pdftex.map): fontmap entry for `pplb8z' already exists, duplicates ignored



pdfTeX warning: pdflatex (file /usr/share/texlive/texmf-var/fonts/map/pdftex/up
dmap/pdftex.map): fontmap entry for `pplbi8g' already exists, duplicates ignore
d


pdfTeX warning: pdflatex (file /usr/share/texlive/texmf-var/fonts/map/pdftex/up
dmap/pdftex.map): fontmap entry for `pplbi8r' already exists, duplicates ignore
d


pdfTeX warning: pdflatex (file /usr/share/texlive/texmf-var/fonts/map/pdftex/up
dmap/pdftex.map): fontmap entry for `pplbi8y' already exists, duplicates ignore
d


pdfTeX warning: pdflatex (file /usr/share/texlive/texmf-var/fonts/map/pdftex/up
dmap/pdftex.map): fontmap entry for `pplbi8z' already exists, duplicates ignore
d


pdfTeX warning: pdflatex (file /usr/share/texlive/texmf-var/fonts/map/pdftex/up
dmap/pdftex.map): invalid entry for `pplbo8r': SlantFont/ExtendFont can be used
 only with embedded Type1 fonts


pdfTeX warning: pdflatex (file /usr/share/texlive/texmf-var/fonts/map/pdftex/up
dmap/pdftex.map): invalid entry for `pplbo8y': SlantFont/ExtendFont can be used
 only with embedded Type1 fonts


pdfTeX warning: pdflatex (file /usr/share/texlive/texmf-var/fonts/map/pdftex/up
dmap/pdftex.map): invalid entry for `pplbu8r': SlantFont/ExtendFont can be used
 only with embedded Type1 fonts


pdfTeX warning: pdflatex (file /usr/share/texlive/texmf-var/fonts/map/pdftex/up
dmap/pdftex.map): invalid entry for `pplbu8y': SlantFont/ExtendFont can be used
 only with embedded Type1 fonts


pdfTeX warning: pdflatex (file /usr/share/texlive/texmf-var/fonts/map/pdftex/up
dmap/pdftex.map): fontmap entry for `pplr8g' already exists, duplicates ignored



pdfTeX warning: pdflatex (file /usr/share/texlive/texmf-var/fonts/map/pdftex/up
dmap/pdftex.map): fontmap entry for `pplr8r' already exists, duplicates ignored



pdfTeX warning: pdflatex (file /usr/share/texlive/texmf-var/fonts/map/pdftex/up
dmap/pdftex.map): invalid entry for `pplr8rn': SlantFont/ExtendFont can be used
 only with embedded Type1 fonts


pdfTeX warning: pdflatex (file /usr/share/texlive/texmf-var/fonts/map/pdftex/up
dmap/pdftex.map): fontmap entry for `pplr8y' already exists, duplicates ignored



pdfTeX warning: pdflatex (file /usr/share/texlive/texmf-var/fonts/map/pdftex/up
dmap/pdftex.map): invalid entry for `pplr8yn': SlantFont/ExtendFont can be used
 only with embedded Type1 fonts


pdfTeX warning: pdflatex (file /usr/share/texlive/texmf-var/fonts/map/pdftex/up
dmap/pdftex.map): fontmap entry for `pplr8z' already exists, duplicates ignored



pdfTeX warning: pdflatex (file /usr/share/texlive/texmf-var/fonts/map/pdftex/up
dmap/pdftex.map): fontmap entry for `pplri8g' already exists, duplicates ignore
d


pdfTeX warning: pdflatex (file /usr/share/texlive/texmf-var/fonts/map/pdftex/up
dmap/pdftex.map): fontmap entry for `pplri8r' already exists, duplicates ignore
d


pdfTeX warning: pdflatex (file /usr/share/texlive/texmf-var/fonts/map/pdftex/up
dmap/pdftex.map): fontmap entry for `pplri8y' already exists, duplicates ignore
d


pdfTeX warning: pdflatex (file /usr/share/texlive/texmf-var/fonts/map/pdftex/up
dmap/pdftex.map): fontmap entry for `pplri8z' already exists, duplicates ignore
d


pdfTeX warning: pdflatex (file /usr/share/texlive/texmf-var/fonts/map/pdftex/up
dmap/pdftex.map): invalid entry for `pplro8r': SlantFont/ExtendFont can be used
 only with embedded Type1 fonts


pdfTeX warning: pdflatex (file /usr/share/texlive/texmf-var/fonts/map/pdftex/up
dmap/pdftex.map): invalid entry for `pplro8y': SlantFont/ExtendFont can be used
 only with embedded Type1 fonts


pdfTeX warning: pdflatex (file /usr/share/texlive/texmf-var/fonts/map/pdftex/up
dmap/pdftex.map): invalid entry for `pplrr8re': SlantFont/ExtendFont can be use
d only with embedded Type1 fonts


pdfTeX warning: pdflatex (file /usr/share/texlive/texmf-var/fonts/map/pdftex/up
dmap/pdftex.map): invalid entry for `pplrr8ye': SlantFont/ExtendFont can be use
d only with embedded Type1 fonts


pdfTeX warning: pdflatex (file /usr/share/texlive/texmf-var/fonts/map/pdftex/up
dmap/pdftex.map): invalid entry for `pplru8r': SlantFont/ExtendFont can be used
 only with embedded Type1 fonts


pdfTeX warning: pdflatex (file /usr/share/texlive/texmf-var/fonts/map/pdftex/up
dmap/pdftex.map): invalid entry for `pplru8y': SlantFont/ExtendFont can be used
 only with embedded Type1 fonts


pdfTeX warning: pdflatex (file /usr/share/texlive/texmf-var/fonts/map/pdftex/up
dmap/pdftex.map): fontmap entry for `psyr' already exists, duplicates ignored


pdfTeX warning: pdflatex (file /usr/share/texlive/texmf-var/fonts/map/pdftex/up
dmap/pdftex.map): fontmap entry for `psyrgo' already exists, duplicates ignored



pdfTeX warning: pdflatex (file /usr/share/texlive/texmf-var/fonts/map/pdftex/up
dmap/pdftex.map): invalid entry for `psyro': SlantFont/ExtendFont can be used o
nly with embedded Type1 fonts


pdfTeX warning: pdflatex (file /usr/share/texlive/texmf-var/fonts/map/pdftex/up
dmap/pdftex.map): fontmap entry for `ptmb8g' already exists, duplicates ignored



pdfTeX warning: pdflatex (file /usr/share/texlive/texmf-var/fonts/map/pdftex/up
dmap/pdftex.map): fontmap entry for `ptmb8r' already exists, duplicates ignored



pdfTeX warning: pdflatex (file /usr/share/texlive/texmf-var/fonts/map/pdftex/up
dmap/pdftex.map): fontmap entry for `ptmb8y' already exists, duplicates ignored



pdfTeX warning: pdflatex (file /usr/share/texlive/texmf-var/fonts/map/pdftex/up
dmap/pdftex.map): fontmap entry for `ptmb8z' already exists, duplicates ignored



pdfTeX warning: pdflatex (file /usr/share/texlive/texmf-var/fonts/map/pdftex/up
dmap/pdftex.map): fontmap entry for `ptmbi8g' already exists, duplicates ignore
d


pdfTeX warning: pdflatex (file /usr/share/texlive/texmf-var/fonts/map/pdftex/up
dmap/pdftex.map): fontmap entry for `ptmbi8r' already exists, duplicates ignore
d


pdfTeX warning: pdflatex (file /usr/share/texlive/texmf-var/fonts/map/pdftex/up
dmap/pdftex.map): fontmap entry for `ptmbi8y' already exists, duplicates ignore
d


pdfTeX warning: pdflatex (file /usr/share/texlive/texmf-var/fonts/map/pdftex/up
dmap/pdftex.map): fontmap entry for `ptmbi8z' already exists, duplicates ignore
d


pdfTeX warning: pdflatex (file /usr/share/texlive/texmf-var/fonts/map/pdftex/up
dmap/pdftex.map): invalid entry for `ptmbo8r': SlantFont/ExtendFont can be used
 only with embedded Type1 fonts


pdfTeX warning: pdflatex (file /usr/share/texlive/texmf-var/fonts/map/pdftex/up
dmap/pdftex.map): invalid entry for `ptmbo8y': SlantFont/ExtendFont can be used
 only with embedded Type1 fonts


pdfTeX warning: pdflatex (file /usr/share/texlive/texmf-var/fonts/map/pdftex/up
dmap/pdftex.map): fontmap entry for `ptmr8g' already exists, duplicates ignored



pdfTeX warning: pdflatex (file /usr/share/texlive/texmf-var/fonts/map/pdftex/up
dmap/pdftex.map): fontmap entry for `ptmr8r' already exists, duplicates ignored



pdfTeX warning: pdflatex (file /usr/share/texlive/texmf-var/fonts/map/pdftex/up
dmap/pdftex.map): invalid entry for `ptmr8rn': SlantFont/ExtendFont can be used
 only with embedded Type1 fonts


pdfTeX warning: pdflatex (file /usr/share/texlive/texmf-var/fonts/map/pdftex/up
dmap/pdftex.map): fontmap entry for `ptmr8y' already exists, duplicates ignored



pdfTeX warning: pdflatex (file /usr/share/texlive/texmf-var/fonts/map/pdftex/up
dmap/pdftex.map): invalid entry for `ptmr8yn': SlantFont/ExtendFont can be used
 only with embedded Type1 fonts


pdfTeX warning: pdflatex (file /usr/share/texlive/texmf-var/fonts/map/pdftex/up
dmap/pdftex.map): fontmap entry for `ptmr8z' already exists, duplicates ignored



pdfTeX warning: pdflatex (file /usr/share/texlive/texmf-var/fonts/map/pdftex/up
dmap/pdftex.map): fontmap entry for `ptmri8g' already exists, duplicates ignore
d


pdfTeX warning: pdflatex (file /usr/share/texlive/texmf-var/fonts/map/pdftex/up
dmap/pdftex.map): fontmap entry for `ptmri8r' already exists, duplicates ignore
d


pdfTeX warning: pdflatex (file /usr/share/texlive/texmf-var/fonts/map/pdftex/up
dmap/pdftex.map): fontmap entry for `ptmri8y' already exists, duplicates ignore
d


pdfTeX warning: pdflatex (file /usr/share/texlive/texmf-var/fonts/map/pdftex/up
dmap/pdftex.map): fontmap entry for `ptmri8z' already exists, duplicates ignore
d


pdfTeX warning: pdflatex (file /usr/share/texlive/texmf-var/fonts/map/pdftex/up
dmap/pdftex.map): invalid entry for `ptmro8r': SlantFont/ExtendFont can be used
 only with embedded Type1 fonts


pdfTeX warning: pdflatex (file /usr/share/texlive/texmf-var/fonts/map/pdftex/up
dmap/pdftex.map): invalid entry for `ptmro8y': SlantFont/ExtendFont can be used
 only with embedded Type1 fonts


pdfTeX warning: pdflatex (file /usr/share/texlive/texmf-var/fonts/map/pdftex/up
dmap/pdftex.map): invalid entry for `ptmrr8re': SlantFont/ExtendFont can be use
d only with embedded Type1 fonts


pdfTeX warning: pdflatex (file /usr/share/texlive/texmf-var/fonts/map/pdftex/up
dmap/pdftex.map): invalid entry for `ptmrr8ye': SlantFont/ExtendFont can be use
d only with embedded Type1 fonts


pdfTeX warning: pdflatex (file /usr/share/texlive/texmf-var/fonts/map/pdftex/up
dmap/pdftex.map): fontmap entry for `pzcmi8r' already exists, duplicates ignore
d


pdfTeX warning: pdflatex (file /usr/share/texlive/texmf-var/fonts/map/pdftex/up
dmap/pdftex.map): fontmap entry for `pzcmi8y' already exists, duplicates ignore
d


pdfTeX warning: pdflatex (file /usr/share/texlive/texmf-var/fonts/map/pdftex/up
dmap/pdftex.map): fontmap entry for `pzcmi8z' already exists, duplicates ignore
d


pdfTeX warning: pdflatex (file /usr/share/texlive/texmf-var/fonts/map/pdftex/up
dmap/pdftex.map): fontmap entry for `pzdr' already exists, duplicates ignored


pdfTeX warning: pdflatex (file /usr/share/texlive/texmf-var/fonts/map/pdftex/up
dmap/pdftex.map): fontmap entry for `rpagd' already exists, duplicates ignored


pdfTeX warning: pdflatex (file /usr/share/texlive/texmf-var/fonts/map/pdftex/up
dmap/pdftex.map): fontmap entry for `rpagdo' already exists, duplicates ignored



pdfTeX warning: pdflatex (file /usr/share/texlive/texmf-var/fonts/map/pdftex/up
dmap/pdftex.map): fontmap entry for `rpagk' already exists, duplicates ignored


pdfTeX warning: pdflatex (file /usr/share/texlive/texmf-var/fonts/map/pdftex/up
dmap/pdftex.map): fontmap entry for `rpagko' already exists, duplicates ignored



pdfTeX warning: pdflatex (file /usr/share/texlive/texmf-var/fonts/map/pdftex/up
dmap/pdftex.map): fontmap entry for `rpbkd' already exists, duplicates ignored


pdfTeX warning: pdflatex (file /usr/share/texlive/texmf-var/fonts/map/pdftex/up
dmap/pdftex.map): fontmap entry for `rpbkdi' already exists, duplicates ignored



pdfTeX warning: pdflatex (file /usr/share/texlive/texmf-var/fonts/map/pdftex/up
dmap/pdftex.map): fontmap entry for `rpbkl' already exists, duplicates ignored


pdfTeX warning: pdflatex (file /usr/share/texlive/texmf-var/fonts/map/pdftex/up
dmap/pdftex.map): fontmap entry for `rpbkli' already exists, duplicates ignored



pdfTeX warning: pdflatex (file /usr/share/texlive/texmf-var/fonts/map/pdftex/up
dmap/pdftex.map): fontmap entry for `rpcrb' already exists, duplicates ignored


pdfTeX warning: pdflatex (file /usr/share/texlive/texmf-var/fonts/map/pdftex/up
dmap/pdftex.map): fontmap entry for `rpcrbo' already exists, duplicates ignored



pdfTeX warning: pdflatex (file /usr/share/texlive/texmf-var/fonts/map/pdftex/up
dmap/pdftex.map): fontmap entry for `rpcrr' already exists, duplicates ignored


pdfTeX warning: pdflatex (file /usr/share/texlive/texmf-var/fonts/map/pdftex/up
dmap/pdftex.map): fontmap entry for `rpcrro' already exists, duplicates ignored



pdfTeX warning: pdflatex (file /usr/share/texlive/texmf-var/fonts/map/pdftex/up
dmap/pdftex.map): fontmap entry for `rphvb' already exists, duplicates ignored


pdfTeX warning: pdflatex (file /usr/share/texlive/texmf-var/fonts/map/pdftex/up
dmap/pdftex.map): fontmap entry for `rphvbo' already exists, duplicates ignored



pdfTeX warning: pdflatex (file /usr/share/texlive/texmf-var/fonts/map/pdftex/up
dmap/pdftex.map): invalid entry for `rphvbon': SlantFont/ExtendFont can be used
 only with embedded Type1 fonts


pdfTeX warning: pdflatex (file /usr/share/texlive/texmf-var/fonts/map/pdftex/up
dmap/pdftex.map): invalid entry for `rphvbrn': SlantFont/ExtendFont can be used
 only with embedded Type1 fonts


pdfTeX warning: pdflatex (file /usr/share/texlive/texmf-var/fonts/map/pdftex/up
dmap/pdftex.map): fontmap entry for `rphvr' already exists, duplicates ignored


pdfTeX warning: pdflatex (file /usr/share/texlive/texmf-var/fonts/map/pdftex/up
dmap/pdftex.map): fontmap entry for `rphvro' already exists, duplicates ignored



pdfTeX warning: pdflatex (file /usr/share/texlive/texmf-var/fonts/map/pdftex/up
dmap/pdftex.map): invalid entry for `rphvron': SlantFont/ExtendFont can be used
 only with embedded Type1 fonts


pdfTeX warning: pdflatex (file /usr/share/texlive/texmf-var/fonts/map/pdftex/up
dmap/pdftex.map): invalid entry for `rphvrrn': SlantFont/ExtendFont can be used
 only with embedded Type1 fonts


pdfTeX warning: pdflatex (file /usr/share/texlive/texmf-var/fonts/map/pdftex/up
dmap/pdftex.map): fontmap entry for `rpncb' already exists, duplicates ignored


pdfTeX warning: pdflatex (file /usr/share/texlive/texmf-var/fonts/map/pdftex/up
dmap/pdftex.map): fontmap entry for `rpncbi' already exists, duplicates ignored



pdfTeX warning: pdflatex (file /usr/share/texlive/texmf-var/fonts/map/pdftex/up
dmap/pdftex.map): fontmap entry for `rpncr' already exists, duplicates ignored


pdfTeX warning: pdflatex (file /usr/share/texlive/texmf-var/fonts/map/pdftex/up
dmap/pdftex.map): fontmap entry for `rpncri' already exists, duplicates ignored



pdfTeX warning: pdflatex (file /usr/share/texlive/texmf-var/fonts/map/pdftex/up
dmap/pdftex.map): fontmap entry for `rpplb' already exists, duplicates ignored


pdfTeX warning: pdflatex (file /usr/share/texlive/texmf-var/fonts/map/pdftex/up
dmap/pdftex.map): fontmap entry for `rpplbi' already exists, duplicates ignored



pdfTeX warning: pdflatex (file /usr/share/texlive/texmf-var/fonts/map/pdftex/up
dmap/pdftex.map): invalid entry for `rpplbu': SlantFont/ExtendFont can be used 
only with embedded Type1 fonts


pdfTeX warning: pdflatex (file /usr/share/texlive/texmf-var/fonts/map/pdftex/up
dmap/pdftex.map): fontmap entry for `rpplr' already exists, duplicates ignored


pdfTeX warning: pdflatex (file /usr/share/texlive/texmf-var/fonts/map/pdftex/up
dmap/pdftex.map): fontmap entry for `rpplri' already exists, duplicates ignored



pdfTeX warning: pdflatex (file /usr/share/texlive/texmf-var/fonts/map/pdftex/up
dmap/pdftex.map): invalid entry for `rpplro': SlantFont/ExtendFont can be used 
only with embedded Type1 fonts


pdfTeX warning: pdflatex (file /usr/share/texlive/texmf-var/fonts/map/pdftex/up
dmap/pdftex.map): invalid entry for `rpplrre': SlantFont/ExtendFont can be used
 only with embedded Type1 fonts


pdfTeX warning: pdflatex (file /usr/share/texlive/texmf-var/fonts/map/pdftex/up
dmap/pdftex.map): invalid entry for `rpplrrn': SlantFont/ExtendFont can be used
 only with embedded Type1 fonts


pdfTeX warning: pdflatex (file /usr/share/texlive/texmf-var/fonts/map/pdftex/up
dmap/pdftex.map): invalid entry for `rpplru': SlantFont/ExtendFont can be used 
only with embedded Type1 fonts


pdfTeX warning: pdflatex (file /usr/share/texlive/texmf-var/fonts/map/pdftex/up
dmap/pdftex.map): fontmap entry for `rpsyr' already exists, duplicates ignored


pdfTeX warning: pdflatex (file /usr/share/texlive/texmf-var/fonts/map/pdftex/up
dmap/pdftex.map): invalid entry for `rpsyro': SlantFont/ExtendFont can be used 
only with embedded Type1 fonts


pdfTeX warning: pdflatex (file /usr/share/texlive/texmf-var/fonts/map/pdftex/up
dmap/pdftex.map): fontmap entry for `rptmb' already exists, duplicates ignored


pdfTeX warning: pdflatex (file /usr/share/texlive/texmf-var/fonts/map/pdftex/up
dmap/pdftex.map): fontmap entry for `rptmbi' already exists, duplicates ignored



pdfTeX warning: pdflatex (file /usr/share/texlive/texmf-var/fonts/map/pdftex/up
dmap/pdftex.map): invalid entry for `rptmbo': SlantFont/ExtendFont can be used 
only with embedded Type1 fonts


pdfTeX warning: pdflatex (file /usr/share/texlive/texmf-var/fonts/map/pdftex/up
dmap/pdftex.map): fontmap entry for `rptmr' already exists, duplicates ignored


pdfTeX warning: pdflatex (file /usr/share/texlive/texmf-var/fonts/map/pdftex/up
dmap/pdftex.map): fontmap entry for `rptmri' already exists, duplicates ignored



pdfTeX warning: pdflatex (file /usr/share/texlive/texmf-var/fonts/map/pdftex/up
dmap/pdftex.map): invalid entry for `rptmro': SlantFont/ExtendFont can be used 
only with embedded Type1 fonts


pdfTeX warning: pdflatex (file /usr/share/texlive/texmf-var/fonts/map/pdftex/up
dmap/pdftex.map): invalid entry for `rptmrre': SlantFont/ExtendFont can be used
 only with embedded Type1 fonts


pdfTeX warning: pdflatex (file /usr/share/texlive/texmf-var/fonts/map/pdftex/up
dmap/pdftex.map): invalid entry for `rptmrrn': SlantFont/ExtendFont can be used
 only with embedded Type1 fonts


pdfTeX warning: pdflatex (file /usr/share/texlive/texmf-var/fonts/map/pdftex/up
dmap/pdftex.map): fontmap entry for `rpzcmi' already exists, duplicates ignored



pdfTeX warning: pdflatex (file /usr/share/texlive/texmf-var/fonts/map/pdftex/up
dmap/pdftex.map): fontmap entry for `rpzdr' already exists, duplicates ignored


pdfTeX warning: pdflatex (file /usr/share/texlive/texmf-var/fonts/map/pdftex/up
dmap/pdftex.map): fontmap entry for `rtxphvb' already exists, duplicates ignore
d


pdfTeX warning: pdflatex (file /usr/share/texlive/texmf-var/fonts/map/pdftex/up
dmap/pdftex.map): invalid entry for `rtxphvbo': SlantFont/ExtendFont can be use
d only with embedded Type1 fonts


pdfTeX warning: pdflatex (file /usr/share/texlive/texmf-var/fonts/map/pdftex/up
dmap/pdftex.map): fontmap entry for `rtxphvr' already exists, duplicates ignore
d


pdfTeX warning: pdflatex (file /usr/share/texlive/texmf-var/fonts/map/pdftex/up
dmap/pdftex.map): invalid entry for `rtxphvro': SlantFont/ExtendFont can be use
d only with embedded Type1 fonts


pdfTeX warning: pdflatex (file /usr/share/texlive/texmf-var/fonts/map/pdftex/up
dmap/pdftex.map): fontmap entry for `rtxptmb' already exists, duplicates ignore
d


pdfTeX warning: pdflatex (file /usr/share/texlive/texmf-var/fonts/map/pdftex/up
dmap/pdftex.map): fontmap entry for `rtxptmbi' already exists, duplicates ignor
ed


pdfTeX warning: pdflatex (file /usr/share/texlive/texmf-var/fonts/map/pdftex/up
dmap/pdftex.map): invalid entry for `rtxptmbo': SlantFont/ExtendFont can be use
d only with embedded Type1 fonts


pdfTeX warning: pdflatex (file /usr/share/texlive/texmf-var/fonts/map/pdftex/up
dmap/pdftex.map): fontmap entry for `rtxptmr' already exists, duplicates ignore
d


pdfTeX warning: pdflatex (file /usr/share/texlive/texmf-var/fonts/map/pdftex/up
dmap/pdftex.map): fontmap entry for `rtxptmri' already exists, duplicates ignor
ed


pdfTeX warning: pdflatex (file /usr/share/texlive/texmf-var/fonts/map/pdftex/up
dmap/pdftex.map): invalid entry for `rtxptmro': SlantFont/ExtendFont can be use
d only with embedded Type1 fonts


pdfTeX warning: pdflatex (file /usr/share/texlive/texmf-var/fonts/map/pdftex/up
dmap/pdftex.map): fontmap entry for `sy' already exists, duplicates ignored


pdfTeX warning: pdflatex (file /usr/share/texlive/texmf-var/fonts/map/pdftex/up
dmap/pdftex.map): fontmap entry for `tib' already exists, duplicates ignored


pdfTeX warning: pdflatex (file /usr/share/texlive/texmf-var/fonts/map/pdftex/up
dmap/pdftex.map): fontmap entry for `tibi' already exists, duplicates ignored


pdfTeX warning: pdflatex (file /usr/share/texlive/texmf-var/fonts/map/pdftex/up
dmap/pdftex.map): invalid entry for `tibo': SlantFont/ExtendFont can be used on
ly with embedded Type1 fonts


pdfTeX warning: pdflatex (file /usr/share/texlive/texmf-var/fonts/map/pdftex/up
dmap/pdftex.map): fontmap entry for `tii' already exists, duplicates ignored


pdfTeX warning: pdflatex (file /usr/share/texlive/texmf-var/fonts/map/pdftex/up
dmap/pdftex.map): invalid entry for `tio': SlantFont/ExtendFont can be used onl
y with embedded Type1 fonts


pdfTeX warning: pdflatex (file /usr/share/texlive/texmf-var/fonts/map/pdftex/up
dmap/pdftex.map): fontmap entry for `tir' already exists, duplicates ignored


pdfTeX warning: pdflatex (file /usr/share/texlive/texmf-var/fonts/map/pdftex/up
dmap/pdftex.map): fontmap entry for `tmbi108r' already exists, duplicates ignor
ed


pdfTeX warning: pdflatex (file /usr/share/texlive/texmf-var/fonts/map/pdftex/up
dmap/pdftex.map): invalid entry for `tmbo108r': SlantFont/ExtendFont can be use
d only with embedded Type1 fonts


pdfTeX warning: pdflatex (file /usr/share/texlive/texmf-var/fonts/map/pdftex/up
dmap/pdftex.map): invalid entry for `tmbu108r': SlantFont/ExtendFont can be use
d only with embedded Type1 fonts


pdfTeX warning: pdflatex (file /usr/share/texlive/texmf-var/fonts/map/pdftex/up
dmap/pdftex.map): fontmap entry for `tmrb108r' already exists, duplicates ignor
ed


pdfTeX warning: pdflatex (file /usr/share/texlive/texmf-var/fonts/map/pdftex/up
dmap/pdftex.map): fontmap entry for `tmri108r' already exists, duplicates ignor
ed


pdfTeX warning: pdflatex (file /usr/share/texlive/texmf-var/fonts/map/pdftex/up
dmap/pdftex.map): fontmap entry for `tmrm108r' already exists, duplicates ignor
ed


pdfTeX warning: pdflatex (file /usr/share/texlive/texmf-var/fonts/map/pdftex/up
dmap/pdftex.map): invalid entry for `tmro108r': SlantFont/ExtendFont can be use
d only with embedded Type1 fonts


pdfTeX warning: pdflatex (file /usr/share/texlive/texmf-var/fonts/map/pdftex/up
dmap/pdftex.map): invalid entry for `tmui108r': SlantFont/ExtendFont can be use
d only with embedded Type1 fonts


pdfTeX warning: pdflatex (file /usr/share/texlive/texmf-var/fonts/map/pdftex/up
dmap/pdftex.map): fontmap entry for `zd' already exists, duplicates ignored


pdfTeX warning: pdflatex (file /usr/share/texlive/texmf-var/fonts/map/pdftex/up
dmap/pdftex.map): fontmap entry for `rpxpplb' already exists, duplicates ignore
d


pdfTeX warning: pdflatex (file /usr/share/texlive/texmf-var/fonts/map/pdftex/up
dmap/pdftex.map): fontmap entry for `rpxpplbi' already exists, duplicates ignor
ed


pdfTeX warning: pdflatex (file /usr/share/texlive/texmf-var/fonts/map/pdftex/up
dmap/pdftex.map): invalid entry for `rpxpplbo': SlantFont/ExtendFont can be use
d only with embedded Type1 fonts


pdfTeX warning: pdflatex (file /usr/share/texlive/texmf-var/fonts/map/pdftex/up
dmap/pdftex.map): fontmap entry for `rpxpplr' already exists, duplicates ignore
d


pdfTeX warning: pdflatex (file /usr/share/texlive/texmf-var/fonts/map/pdftex/up
dmap/pdftex.map): fontmap entry for `rpxpplri' already exists, duplicates ignor
ed


pdfTeX warning: pdflatex (file /usr/share/texlive/texmf-var/fonts/map/pdftex/up
dmap/pdftex.map): invalid entry for `rpxpplro': SlantFont/ExtendFont can be use
d only with embedded Type1 fonts
}]
Overfull \hbox (2.75053pt too wide) in paragraph at lines 488--510
[][] 
 []


Overfull \hbox (13.50023pt too wide) in paragraph at lines 544--558
[][] 
 []

LaTeX Font Info:    External font `cmex10' loaded for size
(Font)              <12> on input line 591.
LaTeX Font Info:    External font `cmex10' loaded for size
(Font)              <8> on input line 591.
LaTeX Font Info:    External font `cmex10' loaded for size
(Font)              <6> on input line 591.
LaTeX Font Info:    Font shape `OT1/cmtt/bx/n' in size <12> not available
(Font)              Font shape `OT1/cmtt/m/n' tried instead on input line 591.
[2] [3] (./cheatsheet.aux)
Package rerunfilecheck Info: File `cheatsheet.out' has not changed.
(rerunfilecheck)             Checksum: D41D8CD98F00B204E9800998ECF8427E;0.
 ) 
Here is how much of TeX's memory you used:
 10602 strings out of 480806
 153236 string characters out of 5905152
 1268739 words of memory out of 6000000
 27544 multiletter control sequences out of 15000+600000
 408338 words of font info for 44 fonts, out of 8000000 for 9000
 14 hyphenation exceptions out of 8191
 60i,15n,63p,213b,1525s stack positions out of 5000i,500n,10000p,200000b,80000s
{/usr/share/texlive/texmf-dist/fonts/enc/dvips/lm/lm-mathsy.enc}{/usr/share/t
exlive/texmf-dist/fonts/enc/dvips/lm/lm-mathex.enc}{/usr/share/texlive/texmf-di
st/fonts/enc/dvips/lm/lm-mathit.enc}</usr/share/texlive/texmf-dist/fonts/type1/
public/amsfonts/cm/cmbx10.pfb></usr/share/texlive/texmf-dist/fonts/type1/public
/amsfonts/cm/cmbx12.pfb></usr/share/texlive/texmf-dist/fonts/type1/public/amsfo
nts/cm/cmr10.pfb></usr/share/texlive/texmf-dist/fonts/type1/public/amsfonts/cm/
cmtt10.pfb></usr/share/texlive/texmf-dist/fonts/type1/public/amsfonts/cm/cmtt12
.pfb></usr/share/texlive/texmf-dist/fonts/type1/public/lm/lmex10.pfb></usr/shar
e/texlive/texmf-dist/fonts/type1/public/lm/lmmi10.pfb></usr/share/texlive/texmf
-dist/fonts/type1/public/lm/lmsy10.pfb>
Output written on cheatsheet.pdf (3 pages, 103828 bytes).
PDF statistics:
 464 PDF objects out of 1000 (max. 8388607)
 446 compressed objects within 5 object streams
 339 named destinations out of 1000 (max. 500000)
 1 words of extra memory for PDF output out of 10000 (max. 10000000)

